<?xml version="1.0" encoding="UTF-8"?>
<testsuite xmlns:xsi="http://www.w3.org/2001/XMLSchema-instance" xsi:noNamespaceSchemaLocation="https://maven.apache.org/surefire/maven-surefire-plugin/xsd/surefire-test-report-3.0.xsd" version="3.0" name="tn.esprit.spring.GestionStationSkiApplicationTests" time="8.304" tests="1" errors="0" skipped="0" failures="0">
  <properties>
    <property name="sun.desktop" value="windows"/>
    <property name="awt.toolkit" value="sun.awt.windows.WToolkit"/>
    <property name="java.specification.version" value="11"/>
    <property name="sun.cpu.isalist" value="amd64"/>
    <property name="sun.jnu.encoding" value="Cp1252"/>
    <property name="java.class.path" value="C:\Users\Administrator\Desktop\DEVOPESSSSS\done\final\ski-devops\target\test-classes;C:\Users\Administrator\Desktop\DEVOPESSSSS\done\final\ski-devops\target\classes;C:\Users\Administrator\.m2\repository\org\springframework\boot\spring-boot-starter-data-jpa\2.6.9\spring-boot-starter-data-jpa-2.6.9.jar;C:\Users\Administrator\.m2\repository\org\springframework\boot\spring-boot-starter-aop\2.6.9\spring-boot-starter-aop-2.6.9.jar;C:\Users\Administrator\.m2\repository\org\springframework\spring-aop\5.3.21\spring-aop-5.3.21.jar;C:\Users\Administrator\.m2\repository\org\aspectj\aspectjweaver\1.9.7\aspectjweaver-1.9.7.jar;C:\Users\Administrator\.m2\repository\org\springframework\boot\spring-boot-starter-jdbc\2.6.9\spring-boot-starter-jdbc-2.6.9.jar;C:\Users\Administrator\.m2\repository\org\springframework\spring-jdbc\5.3.21\spring-jdbc-5.3.21.jar;C:\Users\Administrator\.m2\repository\jakarta\transaction\jakarta.transaction-api\1.3.3\jakarta.transaction-api-1.3.3.jar;C:\Users\Administrator\.m2\repository\jakarta\persistence\jakarta.persistence-api\2.2.3\jakarta.persistence-api-2.2.3.jar;C:\Users\Administrator\.m2\repository\org\hibernate\hibernate-core\5.6.9.Final\hibernate-core-5.6.9.Final.jar;C:\Users\Administrator\.m2\repository\org\jboss\logging\jboss-logging\3.4.3.Final\jboss-logging-3.4.3.Final.jar;C:\Users\Administrator\.m2\repository\antlr\antlr\2.7.7\antlr-2.7.7.jar;C:\Users\Administrator\.m2\repository\org\jboss\jandex\2.4.2.Final\jandex-2.4.2.Final.jar;C:\Users\Administrator\.m2\repository\com\fasterxml\classmate\1.5.1\classmate-1.5.1.jar;C:\Users\Administrator\.m2\repository\org\hibernate\common\hibernate-commons-annotations\5.1.2.Final\hibernate-commons-annotations-5.1.2.Final.jar;C:\Users\Administrator\.m2\repository\org\glassfish\jaxb\jaxb-runtime\2.3.6\jaxb-runtime-2.3.6.jar;C:\Users\Administrator\.m2\repository\org\glassfish\jaxb\txw2\2.3.6\txw2-2.3.6.jar;C:\Users\Administrator\.m2\repository\com\sun\istack\istack-commons-runtime\3.0.12\istack-commons-runtime-3.0.12.jar;C:\Users\Administrator\.m2\repository\com\sun\activation\jakarta.activation\1.2.2\jakarta.activation-1.2.2.jar;C:\Users\Administrator\.m2\repository\org\springframework\data\spring-data-jpa\2.6.5\spring-data-jpa-2.6.5.jar;C:\Users\Administrator\.m2\repository\org\springframework\data\spring-data-commons\2.6.5\spring-data-commons-2.6.5.jar;C:\Users\Administrator\.m2\repository\org\springframework\spring-orm\5.3.21\spring-orm-5.3.21.jar;C:\Users\Administrator\.m2\repository\org\springframework\spring-context\5.3.21\spring-context-5.3.21.jar;C:\Users\Administrator\.m2\repository\org\springframework\spring-tx\5.3.21\spring-tx-5.3.21.jar;C:\Users\Administrator\.m2\repository\org\springframework\spring-beans\5.3.21\spring-beans-5.3.21.jar;C:\Users\Administrator\.m2\repository\org\springframework\spring-aspects\5.3.21\spring-aspects-5.3.21.jar;C:\Users\Administrator\.m2\repository\org\springframework\boot\spring-boot-starter-web\2.6.9\spring-boot-starter-web-2.6.9.jar;C:\Users\Administrator\.m2\repository\org\springframework\boot\spring-boot-starter\2.6.9\spring-boot-starter-2.6.9.jar;C:\Users\Administrator\.m2\repository\org\springframework\boot\spring-boot-starter-logging\2.6.9\spring-boot-starter-logging-2.6.9.jar;C:\Users\Administrator\.m2\repository\ch\qos\logback\logback-classic\1.2.11\logback-classic-1.2.11.jar;C:\Users\Administrator\.m2\repository\ch\qos\logback\logback-core\1.2.11\logback-core-1.2.11.jar;C:\Users\Administrator\.m2\repository\org\apache\logging\log4j\log4j-to-slf4j\2.17.2\log4j-to-slf4j-2.17.2.jar;C:\Users\Administrator\.m2\repository\org\apache\logging\log4j\log4j-api\2.17.2\log4j-api-2.17.2.jar;C:\Users\Administrator\.m2\repository\org\slf4j\jul-to-slf4j\1.7.36\jul-to-slf4j-1.7.36.jar;C:\Users\Administrator\.m2\repository\jakarta\annotation\jakarta.annotation-api\1.3.5\jakarta.annotation-api-1.3.5.jar;C:\Users\Administrator\.m2\repository\org\yaml\snakeyaml\1.29\snakeyaml-1.29.jar;C:\Users\Administrator\.m2\repository\org\springframework\boot\spring-boot-starter-json\2.6.9\spring-boot-starter-json-2.6.9.jar;C:\Users\Administrator\.m2\repository\com\fasterxml\jackson\core\jackson-databind\2.13.3\jackson-databind-2.13.3.jar;C:\Users\Administrator\.m2\repository\com\fasterxml\jackson\core\jackson-annotations\2.13.3\jackson-annotations-2.13.3.jar;C:\Users\Administrator\.m2\repository\com\fasterxml\jackson\datatype\jackson-datatype-jdk8\2.13.3\jackson-datatype-jdk8-2.13.3.jar;C:\Users\Administrator\.m2\repository\com\fasterxml\jackson\datatype\jackson-datatype-jsr310\2.13.3\jackson-datatype-jsr310-2.13.3.jar;C:\Users\Administrator\.m2\repository\com\fasterxml\jackson\module\jackson-module-parameter-names\2.13.3\jackson-module-parameter-names-2.13.3.jar;C:\Users\Administrator\.m2\repository\org\springframework\boot\spring-boot-starter-tomcat\2.6.9\spring-boot-starter-tomcat-2.6.9.jar;C:\Users\Administrator\.m2\repository\org\apache\tomcat\embed\tomcat-embed-core\9.0.64\tomcat-embed-core-9.0.64.jar;C:\Users\Administrator\.m2\repository\org\apache\tomcat\embed\tomcat-embed-el\9.0.64\tomcat-embed-el-9.0.64.jar;C:\Users\Administrator\.m2\repository\org\apache\tomcat\embed\tomcat-embed-websocket\9.0.64\tomcat-embed-websocket-9.0.64.jar;C:\Users\Administrator\.m2\repository\org\springframework\spring-web\5.3.21\spring-web-5.3.21.jar;C:\Users\Administrator\.m2\repository\org\springframework\spring-webmvc\5.3.21\spring-webmvc-5.3.21.jar;C:\Users\Administrator\.m2\repository\org\springframework\spring-expression\5.3.21\spring-expression-5.3.21.jar;C:\Users\Administrator\.m2\repository\org\springframework\boot\spring-boot-starter-actuator\2.6.9\spring-boot-starter-actuator-2.6.9.jar;C:\Users\Administrator\.m2\repository\org\springframework\boot\spring-boot-actuator-autoconfigure\2.6.9\spring-boot-actuator-autoconfigure-2.6.9.jar;C:\Users\Administrator\.m2\repository\org\springframework\boot\spring-boot-actuator\2.6.9\spring-boot-actuator-2.6.9.jar;C:\Users\Administrator\.m2\repository\io\micrometer\micrometer-core\1.8.7\micrometer-core-1.8.7.jar;C:\Users\Administrator\.m2\repository\org\hdrhistogram\HdrHistogram\2.1.12\HdrHistogram-2.1.12.jar;C:\Users\Administrator\.m2\repository\org\latencyutils\LatencyUtils\2.0.3\LatencyUtils-2.0.3.jar;C:\Users\Administrator\.m2\repository\org\springframework\boot\spring-boot-devtools\2.6.9\spring-boot-devtools-2.6.9.jar;C:\Users\Administrator\.m2\repository\org\springframework\boot\spring-boot\2.6.9\spring-boot-2.6.9.jar;C:\Users\Administrator\.m2\repository\org\springframework\boot\spring-boot-autoconfigure\2.6.9\spring-boot-autoconfigure-2.6.9.jar;C:\Users\Administrator\.m2\repository\org\mockito\mockito-core\3.12.4\mockito-core-3.12.4.jar;C:\Users\Administrator\.m2\repository\net\bytebuddy\byte-buddy\1.11.22\byte-buddy-1.11.22.jar;C:\Users\Administrator\.m2\repository\net\bytebuddy\byte-buddy-agent\1.11.22\byte-buddy-agent-1.11.22.jar;C:\Users\Administrator\.m2\repository\org\objenesis\objenesis\3.2\objenesis-3.2.jar;C:\Users\Administrator\.m2\repository\mysql\mysql-connector-java\8.0.29\mysql-connector-java-8.0.29.jar;C:\Users\Administrator\.m2\repository\org\projectlombok\lombok\1.18.24\lombok-1.18.24.jar;C:\Users\Administrator\.m2\repository\org\springframework\boot\spring-boot-starter-test\2.6.9\spring-boot-starter-test-2.6.9.jar;C:\Users\Administrator\.m2\repository\org\springframework\boot\spring-boot-test\2.6.9\spring-boot-test-2.6.9.jar;C:\Users\Administrator\.m2\repository\org\springframework\boot\spring-boot-test-autoconfigure\2.6.9\spring-boot-test-autoconfigure-2.6.9.jar;C:\Users\Administrator\.m2\repository\com\jayway\jsonpath\json-path\2.6.0\json-path-2.6.0.jar;C:\Users\Administrator\.m2\repository\net\minidev\json-smart\2.4.8\json-smart-2.4.8.jar;C:\Users\Administrator\.m2\repository\net\minidev\accessors-smart\2.4.8\accessors-smart-2.4.8.jar;C:\Users\Administrator\.m2\repository\org\ow2\asm\asm\9.1\asm-9.1.jar;C:\Users\Administrator\.m2\repository\jakarta\xml\bind\jakarta.xml.bind-api\2.3.3\jakarta.xml.bind-api-2.3.3.jar;C:\Users\Administrator\.m2\repository\jakarta\activation\jakarta.activation-api\1.2.2\jakarta.activation-api-1.2.2.jar;C:\Users\Administrator\.m2\repository\org\assertj\assertj-core\3.21.0\assertj-core-3.21.0.jar;C:\Users\Administrator\.m2\repository\org\hamcrest\hamcrest\2.2\hamcrest-2.2.jar;C:\Users\Administrator\.m2\repository\org\junit\jupiter\junit-jupiter\5.8.2\junit-jupiter-5.8.2.jar;C:\Users\Administrator\.m2\repository\org\junit\jupiter\junit-jupiter-api\5.8.2\junit-jupiter-api-5.8.2.jar;C:\Users\Administrator\.m2\repository\org\opentest4j\opentest4j\1.2.0\opentest4j-1.2.0.jar;C:\Users\Administrator\.m2\repository\org\junit\platform\junit-platform-commons\1.8.2\junit-platform-commons-1.8.2.jar;C:\Users\Administrator\.m2\repository\org\apiguardian\apiguardian-api\1.1.2\apiguardian-api-1.1.2.jar;C:\Users\Administrator\.m2\repository\org\junit\jupiter\junit-jupiter-params\5.8.2\junit-jupiter-params-5.8.2.jar;C:\Users\Administrator\.m2\repository\org\junit\jupiter\junit-jupiter-engine\5.8.2\junit-jupiter-engine-5.8.2.jar;C:\Users\Administrator\.m2\repository\org\junit\platform\junit-platform-engine\1.8.2\junit-platform-engine-1.8.2.jar;C:\Users\Administrator\.m2\repository\org\mockito\mockito-junit-jupiter\4.0.0\mockito-junit-jupiter-4.0.0.jar;C:\Users\Administrator\.m2\repository\org\skyscreamer\jsonassert\1.5.0\jsonassert-1.5.0.jar;C:\Users\Administrator\.m2\repository\com\vaadin\external\google\android-json\0.0.20131108.vaadin1\android-json-0.0.20131108.vaadin1.jar;C:\Users\Administrator\.m2\repository\org\springframework\spring-core\5.3.21\spring-core-5.3.21.jar;C:\Users\Administrator\.m2\repository\org\springframework\spring-jcl\5.3.21\spring-jcl-5.3.21.jar;C:\Users\Administrator\.m2\repository\org\springframework\spring-test\5.3.21\spring-test-5.3.21.jar;C:\Users\Administrator\.m2\repository\org\xmlunit\xmlunit-core\2.8.4\xmlunit-core-2.8.4.jar;C:\Users\Administrator\.m2\repository\junit\junit\4.13.2\junit-4.13.2.jar;C:\Users\Administrator\.m2\repository\org\hamcrest\hamcrest-core\2.2\hamcrest-core-2.2.jar;C:\Users\Administrator\.m2\repository\io\micrometer\micrometer-registry-prometheus\1.8.7\micrometer-registry-prometheus-1.8.7.jar;C:\Users\Administrator\.m2\repository\io\prometheus\simpleclient_common\0.12.0\simpleclient_common-0.12.0.jar;C:\Users\Administrator\.m2\repository\io\prometheus\simpleclient\0.12.0\simpleclient-0.12.0.jar;C:\Users\Administrator\.m2\repository\io\prometheus\simpleclient_tracer_otel\0.12.0\simpleclient_tracer_otel-0.12.0.jar;C:\Users\Administrator\.m2\repository\io\prometheus\simpleclient_tracer_common\0.12.0\simpleclient_tracer_common-0.12.0.jar;C:\Users\Administrator\.m2\repository\io\prometheus\simpleclient_tracer_otel_agent\0.12.0\simpleclient_tracer_otel_agent-0.12.0.jar;C:\Users\Administrator\.m2\repository\org\springdoc\springdoc-openapi-ui\1.6.12\springdoc-openapi-ui-1.6.12.jar;C:\Users\Administrator\.m2\repository\org\springdoc\springdoc-openapi-webmvc-core\1.6.12\springdoc-openapi-webmvc-core-1.6.12.jar;C:\Users\Administrator\.m2\repository\org\springdoc\springdoc-openapi-common\1.6.12\springdoc-openapi-common-1.6.12.jar;C:\Users\Administrator\.m2\repository\io\swagger\core\v3\swagger-core\2.2.4\swagger-core-2.2.4.jar;C:\Users\Administrator\.m2\repository\org\apache\commons\commons-lang3\3.12.0\commons-lang3-3.12.0.jar;C:\Users\Administrator\.m2\repository\com\fasterxml\jackson\dataformat\jackson-dataformat-yaml\2.13.3\jackson-dataformat-yaml-2.13.3.jar;C:\Users\Administrator\.m2\repository\io\swagger\core\v3\swagger-annotations\2.2.4\swagger-annotations-2.2.4.jar;C:\Users\Administrator\.m2\repository\io\swagger\core\v3\swagger-models\2.2.4\swagger-models-2.2.4.jar;C:\Users\Administrator\.m2\repository\jakarta\validation\jakarta.validation-api\2.0.2\jakarta.validation-api-2.0.2.jar;C:\Users\Administrator\.m2\repository\org\webjars\swagger-ui\4.14.3\swagger-ui-4.14.3.jar;C:\Users\Administrator\.m2\repository\org\webjars\webjars-locator-core\0.48\webjars-locator-core-0.48.jar;C:\Users\Administrator\.m2\repository\com\fasterxml\jackson\core\jackson-core\2.13.3\jackson-core-2.13.3.jar;C:\Users\Administrator\.m2\repository\io\github\classgraph\classgraph\4.8.149\classgraph-4.8.149.jar;C:\Users\Administrator\.m2\repository\com\zaxxer\HikariCP\4.0.3\HikariCP-4.0.3.jar;C:\Users\Administrator\.m2\repository\org\slf4j\slf4j-api\1.7.36\slf4j-api-1.7.36.jar;C:\Users\Administrator\.m2\repository\org\apache\maven\resolver\maven-resolver-transport-file\1.4.1\maven-resolver-transport-file-1.4.1.jar;C:\Users\Administrator\.m2\repository\org\apache\maven\resolver\maven-resolver-api\1.4.1\maven-resolver-api-1.4.1.jar;C:\Users\Administrator\.m2\repository\org\apache\maven\resolver\maven-resolver-spi\1.4.1\maven-resolver-spi-1.4.1.jar;C:\Users\Administrator\.m2\repository\org\apache\maven\resolver\maven-resolver-transport-wagon\1.4.1\maven-resolver-transport-wagon-1.4.1.jar;C:\Users\Administrator\.m2\repository\org\apache\maven\resolver\maven-resolver-util\1.4.1\maven-resolver-util-1.4.1.jar;C:\Users\Administrator\.m2\repository\org\apache\maven\wagon\wagon-provider-api\3.0.0\wagon-provider-api-3.0.0.jar;C:\Users\Administrator\.m2\repository\org\codehaus\plexus\plexus-utils\3.0.24\plexus-utils-3.0.24.jar;"/>
    <property name="java.vm.vendor" value="Oracle Corporation"/>
    <property name="sun.arch.data.model" value="64"/>
    <property name="user.variant" value=""/>
    <property name="java.vendor.url" value="https://openjdk.java.net/"/>
    <property name="user.timezone" value="UTC"/>
    <property name="java.vm.specification.version" value="11"/>
    <property name="os.name" value="Windows 10"/>
    <property name="sun.java.launcher" value="SUN_STANDARD"/>
    <property name="user.country" value="US"/>
    <property name="sun.boot.library.path" value="C:\Program Files\Java\jdk-11.0.11\bin"/>
    <property name="sun.java.command" value="C:\Users\Administrator\AppData\Local\Temp\surefire16439998513114208327\surefirebooter5285495449418089987.jar C:\Users\Administrator\AppData\Local\Temp\surefire16439998513114208327 2023-11-16T01-15-17_837-jvmRun1 surefire5876914988066577618tmp surefire_018244304244166975820tmp"/>
    <property name="jdk.debug" value="release"/>
    <property name="surefire.test.class.path" value="C:\Users\Administrator\Desktop\DEVOPESSSSS\done\final\ski-devops\target\test-classes;C:\Users\Administrator\Desktop\DEVOPESSSSS\done\final\ski-devops\target\classes;C:\Users\Administrator\.m2\repository\org\springframework\boot\spring-boot-starter-data-jpa\2.6.9\spring-boot-starter-data-jpa-2.6.9.jar;C:\Users\Administrator\.m2\repository\org\springframework\boot\spring-boot-starter-aop\2.6.9\spring-boot-starter-aop-2.6.9.jar;C:\Users\Administrator\.m2\repository\org\springframework\spring-aop\5.3.21\spring-aop-5.3.21.jar;C:\Users\Administrator\.m2\repository\org\aspectj\aspectjweaver\1.9.7\aspectjweaver-1.9.7.jar;C:\Users\Administrator\.m2\repository\org\springframework\boot\spring-boot-starter-jdbc\2.6.9\spring-boot-starter-jdbc-2.6.9.jar;C:\Users\Administrator\.m2\repository\org\springframework\spring-jdbc\5.3.21\spring-jdbc-5.3.21.jar;C:\Users\Administrator\.m2\repository\jakarta\transaction\jakarta.transaction-api\1.3.3\jakarta.transaction-api-1.3.3.jar;C:\Users\Administrator\.m2\repository\jakarta\persistence\jakarta.persistence-api\2.2.3\jakarta.persistence-api-2.2.3.jar;C:\Users\Administrator\.m2\repository\org\hibernate\hibernate-core\5.6.9.Final\hibernate-core-5.6.9.Final.jar;C:\Users\Administrator\.m2\repository\org\jboss\logging\jboss-logging\3.4.3.Final\jboss-logging-3.4.3.Final.jar;C:\Users\Administrator\.m2\repository\antlr\antlr\2.7.7\antlr-2.7.7.jar;C:\Users\Administrator\.m2\repository\org\jboss\jandex\2.4.2.Final\jandex-2.4.2.Final.jar;C:\Users\Administrator\.m2\repository\com\fasterxml\classmate\1.5.1\classmate-1.5.1.jar;C:\Users\Administrator\.m2\repository\org\hibernate\common\hibernate-commons-annotations\5.1.2.Final\hibernate-commons-annotations-5.1.2.Final.jar;C:\Users\Administrator\.m2\repository\org\glassfish\jaxb\jaxb-runtime\2.3.6\jaxb-runtime-2.3.6.jar;C:\Users\Administrator\.m2\repository\org\glassfish\jaxb\txw2\2.3.6\txw2-2.3.6.jar;C:\Users\Administrator\.m2\repository\com\sun\istack\istack-commons-runtime\3.0.12\istack-commons-runtime-3.0.12.jar;C:\Users\Administrator\.m2\repository\com\sun\activation\jakarta.activation\1.2.2\jakarta.activation-1.2.2.jar;C:\Users\Administrator\.m2\repository\org\springframework\data\spring-data-jpa\2.6.5\spring-data-jpa-2.6.5.jar;C:\Users\Administrator\.m2\repository\org\springframework\data\spring-data-commons\2.6.5\spring-data-commons-2.6.5.jar;C:\Users\Administrator\.m2\repository\org\springframework\spring-orm\5.3.21\spring-orm-5.3.21.jar;C:\Users\Administrator\.m2\repository\org\springframework\spring-context\5.3.21\spring-context-5.3.21.jar;C:\Users\Administrator\.m2\repository\org\springframework\spring-tx\5.3.21\spring-tx-5.3.21.jar;C:\Users\Administrator\.m2\repository\org\springframework\spring-beans\5.3.21\spring-beans-5.3.21.jar;C:\Users\Administrator\.m2\repository\org\springframework\spring-aspects\5.3.21\spring-aspects-5.3.21.jar;C:\Users\Administrator\.m2\repository\org\springframework\boot\spring-boot-starter-web\2.6.9\spring-boot-starter-web-2.6.9.jar;C:\Users\Administrator\.m2\repository\org\springframework\boot\spring-boot-starter\2.6.9\spring-boot-starter-2.6.9.jar;C:\Users\Administrator\.m2\repository\org\springframework\boot\spring-boot-starter-logging\2.6.9\spring-boot-starter-logging-2.6.9.jar;C:\Users\Administrator\.m2\repository\ch\qos\logback\logback-classic\1.2.11\logback-classic-1.2.11.jar;C:\Users\Administrator\.m2\repository\ch\qos\logback\logback-core\1.2.11\logback-core-1.2.11.jar;C:\Users\Administrator\.m2\repository\org\apache\logging\log4j\log4j-to-slf4j\2.17.2\log4j-to-slf4j-2.17.2.jar;C:\Users\Administrator\.m2\repository\org\apache\logging\log4j\log4j-api\2.17.2\log4j-api-2.17.2.jar;C:\Users\Administrator\.m2\repository\org\slf4j\jul-to-slf4j\1.7.36\jul-to-slf4j-1.7.36.jar;C:\Users\Administrator\.m2\repository\jakarta\annotation\jakarta.annotation-api\1.3.5\jakarta.annotation-api-1.3.5.jar;C:\Users\Administrator\.m2\repository\org\yaml\snakeyaml\1.29\snakeyaml-1.29.jar;C:\Users\Administrator\.m2\repository\org\springframework\boot\spring-boot-starter-json\2.6.9\spring-boot-starter-json-2.6.9.jar;C:\Users\Administrator\.m2\repository\com\fasterxml\jackson\core\jackson-databind\2.13.3\jackson-databind-2.13.3.jar;C:\Users\Administrator\.m2\repository\com\fasterxml\jackson\core\jackson-annotations\2.13.3\jackson-annotations-2.13.3.jar;C:\Users\Administrator\.m2\repository\com\fasterxml\jackson\datatype\jackson-datatype-jdk8\2.13.3\jackson-datatype-jdk8-2.13.3.jar;C:\Users\Administrator\.m2\repository\com\fasterxml\jackson\datatype\jackson-datatype-jsr310\2.13.3\jackson-datatype-jsr310-2.13.3.jar;C:\Users\Administrator\.m2\repository\com\fasterxml\jackson\module\jackson-module-parameter-names\2.13.3\jackson-module-parameter-names-2.13.3.jar;C:\Users\Administrator\.m2\repository\org\springframework\boot\spring-boot-starter-tomcat\2.6.9\spring-boot-starter-tomcat-2.6.9.jar;C:\Users\Administrator\.m2\repository\org\apache\tomcat\embed\tomcat-embed-core\9.0.64\tomcat-embed-core-9.0.64.jar;C:\Users\Administrator\.m2\repository\org\apache\tomcat\embed\tomcat-embed-el\9.0.64\tomcat-embed-el-9.0.64.jar;C:\Users\Administrator\.m2\repository\org\apache\tomcat\embed\tomcat-embed-websocket\9.0.64\tomcat-embed-websocket-9.0.64.jar;C:\Users\Administrator\.m2\repository\org\springframework\spring-web\5.3.21\spring-web-5.3.21.jar;C:\Users\Administrator\.m2\repository\org\springframework\spring-webmvc\5.3.21\spring-webmvc-5.3.21.jar;C:\Users\Administrator\.m2\repository\org\springframework\spring-expression\5.3.21\spring-expression-5.3.21.jar;C:\Users\Administrator\.m2\repository\org\springframework\boot\spring-boot-starter-actuator\2.6.9\spring-boot-starter-actuator-2.6.9.jar;C:\Users\Administrator\.m2\repository\org\springframework\boot\spring-boot-actuator-autoconfigure\2.6.9\spring-boot-actuator-autoconfigure-2.6.9.jar;C:\Users\Administrator\.m2\repository\org\springframework\boot\spring-boot-actuator\2.6.9\spring-boot-actuator-2.6.9.jar;C:\Users\Administrator\.m2\repository\io\micrometer\micrometer-core\1.8.7\micrometer-core-1.8.7.jar;C:\Users\Administrator\.m2\repository\org\hdrhistogram\HdrHistogram\2.1.12\HdrHistogram-2.1.12.jar;C:\Users\Administrator\.m2\repository\org\latencyutils\LatencyUtils\2.0.3\LatencyUtils-2.0.3.jar;C:\Users\Administrator\.m2\repository\org\springframework\boot\spring-boot-devtools\2.6.9\spring-boot-devtools-2.6.9.jar;C:\Users\Administrator\.m2\repository\org\springframework\boot\spring-boot\2.6.9\spring-boot-2.6.9.jar;C:\Users\Administrator\.m2\repository\org\springframework\boot\spring-boot-autoconfigure\2.6.9\spring-boot-autoconfigure-2.6.9.jar;C:\Users\Administrator\.m2\repository\org\mockito\mockito-core\3.12.4\mockito-core-3.12.4.jar;C:\Users\Administrator\.m2\repository\net\bytebuddy\byte-buddy\1.11.22\byte-buddy-1.11.22.jar;C:\Users\Administrator\.m2\repository\net\bytebuddy\byte-buddy-agent\1.11.22\byte-buddy-agent-1.11.22.jar;C:\Users\Administrator\.m2\repository\org\objenesis\objenesis\3.2\objenesis-3.2.jar;C:\Users\Administrator\.m2\repository\mysql\mysql-connector-java\8.0.29\mysql-connector-java-8.0.29.jar;C:\Users\Administrator\.m2\repository\org\projectlombok\lombok\1.18.24\lombok-1.18.24.jar;C:\Users\Administrator\.m2\repository\org\springframework\boot\spring-boot-starter-test\2.6.9\spring-boot-starter-test-2.6.9.jar;C:\Users\Administrator\.m2\repository\org\springframework\boot\spring-boot-test\2.6.9\spring-boot-test-2.6.9.jar;C:\Users\Administrator\.m2\repository\org\springframework\boot\spring-boot-test-autoconfigure\2.6.9\spring-boot-test-autoconfigure-2.6.9.jar;C:\Users\Administrator\.m2\repository\com\jayway\jsonpath\json-path\2.6.0\json-path-2.6.0.jar;C:\Users\Administrator\.m2\repository\net\minidev\json-smart\2.4.8\json-smart-2.4.8.jar;C:\Users\Administrator\.m2\repository\net\minidev\accessors-smart\2.4.8\accessors-smart-2.4.8.jar;C:\Users\Administrator\.m2\repository\org\ow2\asm\asm\9.1\asm-9.1.jar;C:\Users\Administrator\.m2\repository\jakarta\xml\bind\jakarta.xml.bind-api\2.3.3\jakarta.xml.bind-api-2.3.3.jar;C:\Users\Administrator\.m2\repository\jakarta\activation\jakarta.activation-api\1.2.2\jakarta.activation-api-1.2.2.jar;C:\Users\Administrator\.m2\repository\org\assertj\assertj-core\3.21.0\assertj-core-3.21.0.jar;C:\Users\Administrator\.m2\repository\org\hamcrest\hamcrest\2.2\hamcrest-2.2.jar;C:\Users\Administrator\.m2\repository\org\junit\jupiter\junit-jupiter\5.8.2\junit-jupiter-5.8.2.jar;C:\Users\Administrator\.m2\repository\org\junit\jupiter\junit-jupiter-api\5.8.2\junit-jupiter-api-5.8.2.jar;C:\Users\Administrator\.m2\repository\org\opentest4j\opentest4j\1.2.0\opentest4j-1.2.0.jar;C:\Users\Administrator\.m2\repository\org\junit\platform\junit-platform-commons\1.8.2\junit-platform-commons-1.8.2.jar;C:\Users\Administrator\.m2\repository\org\apiguardian\apiguardian-api\1.1.2\apiguardian-api-1.1.2.jar;C:\Users\Administrator\.m2\repository\org\junit\jupiter\junit-jupiter-params\5.8.2\junit-jupiter-params-5.8.2.jar;C:\Users\Administrator\.m2\repository\org\junit\jupiter\junit-jupiter-engine\5.8.2\junit-jupiter-engine-5.8.2.jar;C:\Users\Administrator\.m2\repository\org\junit\platform\junit-platform-engine\1.8.2\junit-platform-engine-1.8.2.jar;C:\Users\Administrator\.m2\repository\org\mockito\mockito-junit-jupiter\4.0.0\mockito-junit-jupiter-4.0.0.jar;C:\Users\Administrator\.m2\repository\org\skyscreamer\jsonassert\1.5.0\jsonassert-1.5.0.jar;C:\Users\Administrator\.m2\repository\com\vaadin\external\google\android-json\0.0.20131108.vaadin1\android-json-0.0.20131108.vaadin1.jar;C:\Users\Administrator\.m2\repository\org\springframework\spring-core\5.3.21\spring-core-5.3.21.jar;C:\Users\Administrator\.m2\repository\org\springframework\spring-jcl\5.3.21\spring-jcl-5.3.21.jar;C:\Users\Administrator\.m2\repository\org\springframework\spring-test\5.3.21\spring-test-5.3.21.jar;C:\Users\Administrator\.m2\repository\org\xmlunit\xmlunit-core\2.8.4\xmlunit-core-2.8.4.jar;C:\Users\Administrator\.m2\repository\junit\junit\4.13.2\junit-4.13.2.jar;C:\Users\Administrator\.m2\repository\org\hamcrest\hamcrest-core\2.2\hamcrest-core-2.2.jar;C:\Users\Administrator\.m2\repository\io\micrometer\micrometer-registry-prometheus\1.8.7\micrometer-registry-prometheus-1.8.7.jar;C:\Users\Administrator\.m2\repository\io\prometheus\simpleclient_common\0.12.0\simpleclient_common-0.12.0.jar;C:\Users\Administrator\.m2\repository\io\prometheus\simpleclient\0.12.0\simpleclient-0.12.0.jar;C:\Users\Administrator\.m2\repository\io\prometheus\simpleclient_tracer_otel\0.12.0\simpleclient_tracer_otel-0.12.0.jar;C:\Users\Administrator\.m2\repository\io\prometheus\simpleclient_tracer_common\0.12.0\simpleclient_tracer_common-0.12.0.jar;C:\Users\Administrator\.m2\repository\io\prometheus\simpleclient_tracer_otel_agent\0.12.0\simpleclient_tracer_otel_agent-0.12.0.jar;C:\Users\Administrator\.m2\repository\org\springdoc\springdoc-openapi-ui\1.6.12\springdoc-openapi-ui-1.6.12.jar;C:\Users\Administrator\.m2\repository\org\springdoc\springdoc-openapi-webmvc-core\1.6.12\springdoc-openapi-webmvc-core-1.6.12.jar;C:\Users\Administrator\.m2\repository\org\springdoc\springdoc-openapi-common\1.6.12\springdoc-openapi-common-1.6.12.jar;C:\Users\Administrator\.m2\repository\io\swagger\core\v3\swagger-core\2.2.4\swagger-core-2.2.4.jar;C:\Users\Administrator\.m2\repository\org\apache\commons\commons-lang3\3.12.0\commons-lang3-3.12.0.jar;C:\Users\Administrator\.m2\repository\com\fasterxml\jackson\dataformat\jackson-dataformat-yaml\2.13.3\jackson-dataformat-yaml-2.13.3.jar;C:\Users\Administrator\.m2\repository\io\swagger\core\v3\swagger-annotations\2.2.4\swagger-annotations-2.2.4.jar;C:\Users\Administrator\.m2\repository\io\swagger\core\v3\swagger-models\2.2.4\swagger-models-2.2.4.jar;C:\Users\Administrator\.m2\repository\jakarta\validation\jakarta.validation-api\2.0.2\jakarta.validation-api-2.0.2.jar;C:\Users\Administrator\.m2\repository\org\webjars\swagger-ui\4.14.3\swagger-ui-4.14.3.jar;C:\Users\Administrator\.m2\repository\org\webjars\webjars-locator-core\0.48\webjars-locator-core-0.48.jar;C:\Users\Administrator\.m2\repository\com\fasterxml\jackson\core\jackson-core\2.13.3\jackson-core-2.13.3.jar;C:\Users\Administrator\.m2\repository\io\github\classgraph\classgraph\4.8.149\classgraph-4.8.149.jar;C:\Users\Administrator\.m2\repository\com\zaxxer\HikariCP\4.0.3\HikariCP-4.0.3.jar;C:\Users\Administrator\.m2\repository\org\slf4j\slf4j-api\1.7.36\slf4j-api-1.7.36.jar;C:\Users\Administrator\.m2\repository\org\apache\maven\resolver\maven-resolver-transport-file\1.4.1\maven-resolver-transport-file-1.4.1.jar;C:\Users\Administrator\.m2\repository\org\apache\maven\resolver\maven-resolver-api\1.4.1\maven-resolver-api-1.4.1.jar;C:\Users\Administrator\.m2\repository\org\apache\maven\resolver\maven-resolver-spi\1.4.1\maven-resolver-spi-1.4.1.jar;C:\Users\Administrator\.m2\repository\org\apache\maven\resolver\maven-resolver-transport-wagon\1.4.1\maven-resolver-transport-wagon-1.4.1.jar;C:\Users\Administrator\.m2\repository\org\apache\maven\resolver\maven-resolver-util\1.4.1\maven-resolver-util-1.4.1.jar;C:\Users\Administrator\.m2\repository\org\apache\maven\wagon\wagon-provider-api\3.0.0\wagon-provider-api-3.0.0.jar;C:\Users\Administrator\.m2\repository\org\codehaus\plexus\plexus-utils\3.0.24\plexus-utils-3.0.24.jar;"/>
    <property name="sun.cpu.endian" value="little"/>
    <property name="user.home" value="C:\Users\Administrator"/>
    <property name="user.language" value="en"/>
    <property name="java.specification.vendor" value="Oracle Corporation"/>
    <property name="java.version.date" value="2021-04-20"/>
    <property name="java.home" value="C:\Program Files\Java\jdk-11.0.11"/>
    <property name="file.separator" value="\"/>
    <property name="basedir" value="C:\Users\Administrator\Desktop\DEVOPESSSSS\done\final\ski-devops"/>
    <property name="java.vm.compressedOopsMode" value="Zero based"/>
    <property name="line.separator" value="&#10;"/>
    <property name="java.specification.name" value="Java Platform API Specification"/>
    <property name="java.vm.specification.vendor" value="Oracle Corporation"/>
    <property name="FILE_LOG_CHARSET" value="windows-1252"/>
    <property name="java.awt.graphicsenv" value="sun.awt.Win32GraphicsEnvironment"/>
    <property name="java.awt.headless" value="true"/>
    <property name="surefire.real.class.path" value="C:\Users\Administrator\AppData\Local\Temp\surefire16439998513114208327\surefirebooter5285495449418089987.jar"/>
    <property name="user.script" value=""/>
    <property name="sun.management.compiler" value="HotSpot 64-Bit Tiered Compilers"/>
    <property name="java.runtime.version" value="11.0.11+9-LTS-194"/>
    <property name="user.name" value="Administrator"/>
    <property name="path.separator" value=";"/>
    <property name="os.version" value="10.0"/>
    <property name="java.runtime.name" value="Java(TM) SE Runtime Environment"/>
    <property name="file.encoding" value="Cp1252"/>
    <property name="spring.beaninfo.ignore" value="true"/>
    <property name="java.vm.name" value="Java HotSpot(TM) 64-Bit Server VM"/>
    <property name="java.vendor.version" value="18.9"/>
    <property name="localRepository" value="C:\Users\Administrator\.m2\repository"/>
    <property name="java.vendor.url.bug" value="https://bugreport.java.com/bugreport/"/>
    <property name="java.io.tmpdir" value="C:\Users\ADMINI~1\AppData\Local\Temp\"/>
    <property name="idea.version" value="2022.2.2"/>
    <property name="com.zaxxer.hikari.pool_number" value="1"/>
    <property name="java.version" value="11.0.11"/>
    <property name="user.dir" value="C:\Users\Administrator\Desktop\DEVOPESSSSS\done\final\ski-devops"/>
    <property name="os.arch" value="amd64"/>
    <property name="java.vm.specification.name" value="Java Virtual Machine Specification"/>
    <property name="PID" value="8436"/>
    <property name="java.awt.printerjob" value="sun.awt.windows.WPrinterJob"/>
    <property name="sun.os.patch.level" value=""/>
    <property name="CONSOLE_LOG_CHARSET" value="windows-1252"/>
    <property name="java.library.path" value="C:\Program Files\Java\jdk-11.0.11\bin;C:\Windows\Sun\Java\bin;C:\Windows\system32;C:\Windows;C:\Program Files (x86)\Common Files\Oracle\Java\javapath;C:\ProgramData\Oracle\Java\javapath;C:\Program Files (x86)\VMware\VMware Workstation\bin\;C:\ProgramData\ComposerSetup\bin;C:\Windows\System32;C:\Program Files\Git\cmd;C:\Program Files\Microsoft SQL Server\150\Tools\Binn\;C:\Program Files\Microsoft SQL Server\Client SDK\ODBC\170\Tools\Binn\;C:\Program Files\dotnet\;C:\Program Files\nodejs\;C:\HashiCorp\Vagrant\bin;C:\Windows\System32\WindowsPowerShell\v1.0\;C:\Users\Administrator\AppData\Local\Programs\Python\Python38\Scripts\;C:\Users\Administrator\AppData\Local\Programs\Python\Python38\;C:\Users\Administrator\scoop\shims;C:\Users\Administrator\AppData\Local\Microsoft\WindowsApps;C:\Users\Administrator\.dotnet\tools;C:\xampp\php;C:\Users\Administrator\AppData\Roaming\Composer\vendor\bin;C:\Users\Administrator\Desktop\Web service;C:\Program Files\Java\jdk1.8.0_60\bin;C:\Program Files\Java\jdk1.8.0_144\bin;C:\Users\Administrator\AppData\Local\Programs\Microsoft VS Code\bin;C:\Users\Administrator\.dotnet\tools;C:\Users\Administrator\AppData\Roaming\npm;C:\Windows\System32\WindowsPowerShell\v1.0\;;."/>
    <property name="java.vendor" value="Oracle Corporation"/>
    <property name="java.vm.info" value="mixed mode"/>
    <property name="java.vm.version" value="11.0.11+9-LTS-194"/>
    <property name="sun.io.unicode.encoding" value="UnicodeLittle"/>
    <property name="java.class.version" value="55.0"/>
    <property name="CONSOLE_LOG_PATTERN" value="=%d{yyyy-MM-dd HH:mm:ss} -  %-5level- %logger{45} - %msg %n"/>
  </properties>
  <testcase name="contextLoads" classname="tn.esprit.spring.GestionStationSkiApplicationTests" time="0.139">
    <system-out><![CDATA[01:15:19.118 [main] DEBUG org.springframework.test.context.BootstrapUtils - Instantiating CacheAwareContextLoaderDelegate from class [org.springframework.test.context.cache.DefaultCacheAwareContextLoaderDelegate]
01:15:19.134 [main] DEBUG org.springframework.test.context.BootstrapUtils - Instantiating BootstrapContext using constructor [public org.springframework.test.context.support.DefaultBootstrapContext(java.lang.Class,org.springframework.test.context.CacheAwareContextLoaderDelegate)]
01:15:19.192 [main] DEBUG org.springframework.test.context.BootstrapUtils - Instantiating TestContextBootstrapper for test class [tn.esprit.spring.GestionStationSkiApplicationTests] from class [org.springframework.boot.test.context.SpringBootTestContextBootstrapper]
01:15:19.211 [main] INFO org.springframework.boot.test.context.SpringBootTestContextBootstrapper - Neither @ContextConfiguration nor @ContextHierarchy found for test class [tn.esprit.spring.GestionStationSkiApplicationTests], using SpringBootContextLoader
01:15:19.220 [main] DEBUG org.springframework.test.context.support.AbstractContextLoader - Did not detect default resource location for test class [tn.esprit.spring.GestionStationSkiApplicationTests]: class path resource [tn/esprit/spring/GestionStationSkiApplicationTests-context.xml] does not exist
01:15:19.221 [main] DEBUG org.springframework.test.context.support.AbstractContextLoader - Did not detect default resource location for test class [tn.esprit.spring.GestionStationSkiApplicationTests]: class path resource [tn/esprit/spring/GestionStationSkiApplicationTestsContext.groovy] does not exist
01:15:19.221 [main] INFO org.springframework.test.context.support.AbstractContextLoader - Could not detect default resource locations for test class [tn.esprit.spring.GestionStationSkiApplicationTests]: no resource found for suffixes {-context.xml, Context.groovy}.
01:15:19.222 [main] INFO org.springframework.test.context.support.AnnotationConfigContextLoaderUtils - Could not detect default configuration classes for test class [tn.esprit.spring.GestionStationSkiApplicationTests]: GestionStationSkiApplicationTests does not declare any static, non-private, non-final, nested classes annotated with @Configuration.
01:15:19.285 [main] DEBUG org.springframework.test.context.support.ActiveProfilesUtils - Could not find an 'annotation declaring class' for annotation type [org.springframework.test.context.ActiveProfiles] and class [tn.esprit.spring.GestionStationSkiApplicationTests]
01:15:19.386 [main] DEBUG org.springframework.context.annotation.ClassPathScanningCandidateComponentProvider - Identified candidate component class: file [C:\Users\Administrator\Desktop\DEVOPESSSSS\done\final\ski-devops\target\classes\tn\esprit\spring\GestionStationSkiApplication.class]
01:15:19.387 [main] INFO org.springframework.boot.test.context.SpringBootTestContextBootstrapper - Found @SpringBootConfiguration tn.esprit.spring.GestionStationSkiApplication for test class tn.esprit.spring.GestionStationSkiApplicationTests
01:15:19.548 [main] DEBUG org.springframework.boot.test.context.SpringBootTestContextBootstrapper - @TestExecutionListeners is not present for class [tn.esprit.spring.GestionStationSkiApplicationTests]: using defaults.
01:15:19.549 [main] INFO org.springframework.boot.test.context.SpringBootTestContextBootstrapper - Loaded default TestExecutionListener class names from location [META-INF/spring.factories]: [org.springframework.boot.test.mock.mockito.MockitoTestExecutionListener, org.springframework.boot.test.mock.mockito.ResetMocksTestExecutionListener, org.springframework.boot.test.autoconfigure.restdocs.RestDocsTestExecutionListener, org.springframework.boot.test.autoconfigure.web.client.MockRestServiceServerResetTestExecutionListener, org.springframework.boot.test.autoconfigure.web.servlet.MockMvcPrintOnlyOnFailureTestExecutionListener, org.springframework.boot.test.autoconfigure.web.servlet.WebDriverTestExecutionListener, org.springframework.boot.test.autoconfigure.webservices.client.MockWebServiceServerTestExecutionListener, org.springframework.test.context.web.ServletTestExecutionListener, org.springframework.test.context.support.DirtiesContextBeforeModesTestExecutionListener, org.springframework.test.context.event.ApplicationEventsTestExecutionListener, org.springframework.test.context.support.DependencyInjectionTestExecutionListener, org.springframework.test.context.support.DirtiesContextTestExecutionListener, org.springframework.test.context.transaction.TransactionalTestExecutionListener, org.springframework.test.context.jdbc.SqlScriptsTestExecutionListener, org.springframework.test.context.event.EventPublishingTestExecutionListener]
01:15:19.572 [main] INFO org.springframework.boot.test.context.SpringBootTestContextBootstrapper - Using TestExecutionListeners: [org.springframework.test.context.web.ServletTestExecutionListener@1a77eb6, org.springframework.test.context.support.DirtiesContextBeforeModesTestExecutionListener@52d9f36b, org.springframework.test.context.event.ApplicationEventsTestExecutionListener@5f9ebd5a, org.springframework.boot.test.mock.mockito.MockitoTestExecutionListener@175bf9c9, org.springframework.boot.test.autoconfigure.SpringBootDependencyInjectionTestExecutionListener@2db3675a, org.springframework.test.context.support.DirtiesContextTestExecutionListener@306c9b2c, org.springframework.test.context.transaction.TransactionalTestExecutionListener@1ab28416, org.springframework.test.context.jdbc.SqlScriptsTestExecutionListener@52efb338, org.springframework.test.context.event.EventPublishingTestExecutionListener@64508788, org.springframework.boot.test.mock.mockito.ResetMocksTestExecutionListener@30b1c5d5, org.springframework.boot.test.autoconfigure.restdocs.RestDocsTestExecutionListener@3e2d65e1, org.springframework.boot.test.autoconfigure.web.client.MockRestServiceServerResetTestExecutionListener@1174676f, org.springframework.boot.test.autoconfigure.web.servlet.MockMvcPrintOnlyOnFailureTestExecutionListener@71f8ce0e, org.springframework.boot.test.autoconfigure.web.servlet.WebDriverTestExecutionListener@4fd92289, org.springframework.boot.test.autoconfigure.webservices.client.MockWebServiceServerTestExecutionListener@1a8e44fe]
01:15:19.578 [main] DEBUG org.springframework.test.context.support.AbstractDirtiesContextTestExecutionListener - Before test class: context [DefaultTestContext@552cb0d5 testClass = GestionStationSkiApplicationTests, testInstance = [null], testMethod = [null], testException = [null], mergedContextConfiguration = [WebMergedContextConfiguration@61d6c8c4 testClass = GestionStationSkiApplicationTests, locations = '{}', classes = '{class tn.esprit.spring.GestionStationSkiApplication}', contextInitializerClasses = '[]', activeProfiles = '{}', propertySourceLocations = '{}', propertySourceProperties = '{org.springframework.boot.test.context.SpringBootTestContextBootstrapper=true}', contextCustomizers = set[org.springframework.boot.test.context.filter.ExcludeFilterContextCustomizer@7c5df615, org.springframework.boot.test.json.DuplicateJsonObjectContextCustomizerFactory$DuplicateJsonObjectContextCustomizer@6637a365, org.springframework.boot.test.mock.mockito.MockitoContextCustomizer@0, org.springframework.boot.test.web.client.TestRestTemplateContextCustomizer@11c78080, org.springframework.boot.test.autoconfigure.actuate.metrics.MetricsExportContextCustomizerFactory$DisableMetricExportContextCustomizer@616a06e3, org.springframework.boot.test.autoconfigure.properties.PropertyMappingContextCustomizer@0, org.springframework.boot.test.autoconfigure.web.servlet.WebDriverContextCustomizerFactory$Customizer@168142da, org.springframework.boot.test.context.SpringBootTestArgs@1, org.springframework.boot.test.context.SpringBootTestWebEnvironment@53cdecf6], resourceBasePath = 'src/main/webapp', contextLoader = 'org.springframework.boot.test.context.SpringBootContextLoader', parent = [null]], attributes = map['org.springframework.test.context.web.ServletTestExecutionListener.activateListener' -> true]], class annotated with @DirtiesContext [false] with mode [null].

  .   ____          _            __ _ _
 /\\ / ___'_ __ _ _(_)_ __  __ _ \ \ \ \
( ( )\___ | '_ | '_| | '_ \/ _` | \ \ \ \
 \\/  ___)| |_)| | | | | || (_| |  ) ) ) )
  '  |____| .__|_| |_|_| |_\__, | / / / /
 =========|_|==============|___/=/_/_/_/
 :: Spring Boot ::                (v2.6.9)

=2023-11-16 01:15:20 -  INFO - t.e.spring.GestionStationSkiApplicationTests - Starting GestionStationSkiApplicationTests using Java 11.0.11 on Ahmed with PID 8436 (started by Administrator in C:\Users\Administrator\Desktop\DEVOPESSSSS\done\final\ski-devops) 
=2023-11-16 01:15:20 -  INFO - t.e.spring.GestionStationSkiApplicationTests - No active profile set, falling back to 1 default profile: "default" 
=2023-11-16 01:15:21 -  INFO - o.s.d.r.c.RepositoryConfigurationDelegate - Bootstrapping Spring Data JPA repositories in DEFAULT mode. 
=2023-11-16 01:15:21 -  INFO - o.s.d.r.c.RepositoryConfigurationDelegate - Finished Spring Data repository scanning in 59 ms. Found 6 JPA repository interfaces. 
=2023-11-16 01:15:22 -  INFO - org.hibernate.jpa.internal.util.LogHelper - HHH000204: Processing PersistenceUnitInfo [name: default] 
=2023-11-16 01:15:22 -  INFO - org.hibernate.Version - HHH000412: Hibernate ORM core version 5.6.9.Final 
=2023-11-16 01:15:22 -  INFO - org.hibernate.annotations.common.Version - HCANN000001: Hibernate Commons Annotations {5.1.2.Final} 
=2023-11-16 01:15:22 -  INFO - com.zaxxer.hikari.HikariDataSource - HikariPool-1 - Starting... 
=2023-11-16 01:15:23 -  INFO - com.zaxxer.hikari.HikariDataSource - HikariPool-1 - Start completed. 
=2023-11-16 01:15:23 -  INFO - org.hibernate.dialect.Dialect - HHH000400: Using dialect: org.hibernate.dialect.MySQL5InnoDBDialect 
=2023-11-16 01:15:24 -  INFO - o.h.e.t.j.p.internal.JtaPlatformInitiator - HHH000490: Using JtaPlatform implementation: [org.hibernate.engine.transaction.jta.platform.internal.NoJtaPlatform] 
=2023-11-16 01:15:24 -  INFO - o.s.o.j.LocalContainerEntityManagerFactoryBean - Initialized JPA EntityManagerFactory for persistence unit 'default' 
=2023-11-16 01:15:25 -  WARN - o.s.b.a.o.j.JpaBaseConfiguration$JpaWebConfiguration - spring.jpa.open-in-view is enabled by default. Therefore, database queries may be performed during view rendering. Explicitly configure spring.jpa.open-in-view to disable this warning 
=2023-11-16 01:15:27 -  INFO - o.s.b.a.endpoint.web.EndpointLinksResolver - Exposing 1 endpoint(s) beneath base path '/actuator' 
=2023-11-16 01:15:27 -  INFO - t.e.spring.GestionStationSkiApplicationTests - Started GestionStationSkiApplicationTests in 7.489 seconds (JVM running for 8.907) 
]]></system-out>
  </testcase>
</testsuite>